<?xml version="1.0" encoding="UTF-8"?>
<testng-results skipped="0" failed="1" total="6" passed="5">
  <reporter-output>
  </reporter-output>
  <suite name="Surefire suite" duration-ms="139718" started-at="2016-01-20T10:41:08Z" finished-at="2016-01-20T10:43:28Z">
    <groups>
    </groups>
    <test name="Surefire test" duration-ms="139718" started-at="2016-01-20T10:41:08Z" finished-at="2016-01-20T10:43:28Z">
      <class name="com.gmail.tests.LoginLogOutTest">
        <test-method status="PASS" signature="loginLogOut()[pri:0, instance:com.gmail.tests.LoginLogOutTest@6a4986c8]" name="loginLogOut" duration-ms="16170" started-at="2016-01-20T10:41:28Z" finished-at="2016-01-20T10:41:45Z">
        </test-method>
        <test-method status="PASS" signature="close()[pri:0, instance:com.gmail.tests.LoginLogOutTest@6a4986c8]" name="close" is-config="true" duration-ms="1" started-at="2016-01-20T10:43:28Z" finished-at="2016-01-20T10:43:28Z">
        </test-method>
        <test-method status="PASS" signature="closeSelenium()[pri:0, instance:com.gmail.tests.CreateAccountTest@70ec46ff]" name="closeSelenium" is-config="true" duration-ms="77" started-at="2016-01-20T10:43:28Z" finished-at="2016-01-20T10:43:28Z">
        </test-method>
      </class>
      <class name="com.gmail.tests.SendEmailTest">
        <test-method status="FAIL" signature="runSendEmailTest()[pri:0, instance:com.gmail.tests.SendEmailTest@2e8923f5]" name="runSendEmailTest" duration-ms="35157" started-at="2016-01-20T10:42:53Z" finished-at="2016-01-20T10:43:28Z">
          <exception class="org.openqa.selenium.ElementNotVisibleException">
            <message>
              <![CDATA[Element is not currently visible and so may not be interacted with
Command duration or timeout: 10.12 seconds
Build info: version: '2.48.2', revision: '41bccdd10cf2c0560f637404c2d96164b67d9d67', time: '2015-10-09 13:08:06'
System info: host: 'b-Sat-M645', ip: '127.0.1.1', os.name: 'Linux', os.arch: 'amd64', os.version: '3.13.0-46-generic', java.version: '1.7.0_85'
Session ID: 848b1217-222d-4283-bbc9-2dbabfc2c4ef
Driver info: org.openqa.selenium.firefox.FirefoxDriver
Capabilities [{platform=LINUX, acceptSslCerts=true, javascriptEnabled=true, cssSelectorsEnabled=true, databaseEnabled=true, browserName=firefox, handlesAlerts=true, nativeEvents=false, webStorageEnabled=true, rotatable=false, locationContextEnabled=true, applicationCacheEnabled=true, takesScreenshot=true, version=36.0.1}]]]>
            </message>
            <full-stacktrace>
              <![CDATA[org.openqa.selenium.ElementNotVisibleException: Element is not currently visible and so may not be interacted with
Command duration or timeout: 10.12 seconds
Build info: version: '2.48.2', revision: '41bccdd10cf2c0560f637404c2d96164b67d9d67', time: '2015-10-09 13:08:06'
System info: host: 'b-Sat-M645', ip: '127.0.1.1', os.name: 'Linux', os.arch: 'amd64', os.version: '3.13.0-46-generic', java.version: '1.7.0_85'
Session ID: 848b1217-222d-4283-bbc9-2dbabfc2c4ef
Driver info: org.openqa.selenium.firefox.FirefoxDriver
Capabilities [{platform=LINUX, acceptSslCerts=true, javascriptEnabled=true, cssSelectorsEnabled=true, databaseEnabled=true, browserName=firefox, handlesAlerts=true, nativeEvents=false, webStorageEnabled=true, rotatable=false, locationContextEnabled=true, applicationCacheEnabled=true, takesScreenshot=true, version=36.0.1}]
	at sun.reflect.NativeConstructorAccessorImpl.newInstance0(Native Method)
	at sun.reflect.NativeConstructorAccessorImpl.newInstance(NativeConstructorAccessorImpl.java:57)
	at sun.reflect.DelegatingConstructorAccessorImpl.newInstance(DelegatingConstructorAccessorImpl.java:45)
	at java.lang.reflect.Constructor.newInstance(Constructor.java:526)
	at org.openqa.selenium.remote.ErrorHandler.createThrowable(ErrorHandler.java:206)
	at org.openqa.selenium.remote.ErrorHandler.throwIfResponseFailed(ErrorHandler.java:158)
	at org.openqa.selenium.remote.RemoteWebDriver.execute(RemoteWebDriver.java:647)
	at org.openqa.selenium.remote.RemoteWebElement.execute(RemoteWebElement.java:326)
	at org.openqa.selenium.remote.RemoteWebElement.sendKeys(RemoteWebElement.java:121)
	at com.gmail.pages.HomePage.writeEmail(HomePage.java:129)
	at com.gmail.tests.SendEmailTest.runSendEmailTest(SendEmailTest.java:52)
	at sun.reflect.NativeMethodAccessorImpl.invoke0(Native Method)
	at sun.reflect.NativeMethodAccessorImpl.invoke(NativeMethodAccessorImpl.java:57)
	at sun.reflect.DelegatingMethodAccessorImpl.invoke(DelegatingMethodAccessorImpl.java:43)
	at java.lang.reflect.Method.invoke(Method.java:606)
	at org.testng.internal.MethodInvocationHelper.invokeMethod(MethodInvocationHelper.java:80)
	at org.testng.internal.Invoker.invokeMethod(Invoker.java:691)
	at org.testng.internal.Invoker.invokeTestMethod(Invoker.java:883)
	at org.testng.internal.Invoker.invokeTestMethods(Invoker.java:1208)
	at org.testng.internal.TestMethodWorker.invokeTestMethods(TestMethodWorker.java:127)
	at org.testng.internal.TestMethodWorker.run(TestMethodWorker.java:111)
	at java.util.concurrent.ThreadPoolExecutor.runWorker(ThreadPoolExecutor.java:1145)
	at java.util.concurrent.ThreadPoolExecutor$Worker.run(ThreadPoolExecutor.java:615)
	at java.lang.Thread.run(Thread.java:745)
Caused by: org.openqa.selenium.ElementNotVisibleException: Element is not currently visible and so may not be interacted with
Build info: version: '2.48.2', revision: '41bccdd10cf2c0560f637404c2d96164b67d9d67', time: '2015-10-09 13:08:06'
System info: host: 'b-Sat-M645', ip: '127.0.1.1', os.name: 'Linux', os.arch: 'amd64', os.version: '3.13.0-46-generic', java.version: '1.7.0_85'
Driver info: driver.version: unknown
	at <anonymous class>.fxdriver.preconditions.visible(file:///tmp/anonymous2873489322250620311webdriver-profile/extensions/fxdriver@googlecode.com/components/command-processor.js:9981)
	at <anonymous class>.DelayedCommand.prototype.checkPreconditions_(file:///tmp/anonymous2873489322250620311webdriver-profile/extensions/fxdriver@googlecode.com/components/command-processor.js:12517)
	at <anonymous class>.DelayedCommand.prototype.executeInternal_/h(file:///tmp/anonymous2873489322250620311webdriver-profile/extensions/fxdriver@googlecode.com/components/command-processor.js:12534)
	at <anonymous class>.fxdriver.Timer.prototype.setTimeout/<.notify(file:///tmp/anonymous2873489322250620311webdriver-profile/extensions/fxdriver@googlecode.com/components/command-processor.js:621)
]]>
            </full-stacktrace>
          </exception>
        </test-method>
      </class>
      <class name="com.gmail.tests.DeleteEmailTest">
        <test-method status="PASS" signature="deleteEmail()[pri:0, instance:com.gmail.tests.DeleteEmailTest@12feafc]" name="deleteEmail" duration-ms="7072" started-at="2016-01-20T10:41:45Z" finished-at="2016-01-20T10:41:52Z">
        </test-method>
        <test-method status="PASS" signature="runVerifyUnreadEmailsTest()[pri:0, instance:com.gmail.tests.DeleteEmailTest@12feafc]" name="runVerifyUnreadEmailsTest" duration-ms="21504" started-at="2016-01-20T10:41:45Z" finished-at="2016-01-20T10:42:06Z">
        </test-method>
      </class>
      <class name="com.gmail.tests.CreateAccountTest">
        <test-method status="PASS" signature="setupSelenium()[pri:0, instance:com.gmail.tests.CreateAccountTest@70ec46ff]" name="setupSelenium" is-config="true" duration-ms="4937" started-at="2016-01-20T10:41:08Z" finished-at="2016-01-20T10:41:13Z">
        </test-method>
        <test-method status="PASS" signature="setUpLocal(java.lang.String, java.lang.String, java.lang.String)[pri:0, instance:com.gmail.tests.DeleteEmailTest@12feafc]" name="setUpLocal" is-config="true" duration-ms="3835" started-at="2016-01-20T10:41:13Z" finished-at="2016-01-20T10:41:17Z">
          <params>
            <param index="0">
              <value>
                <![CDATA[-1]]>
              </value>
            </param>
            <param index="1">
              <value>
                <![CDATA[]]>
              </value>
            </param>
            <param index="2">
              <value>
                <![CDATA[firefox]]>
              </value>
            </param>
          </params>
        </test-method>
        <test-method status="PASS" signature="setUpLocal(java.lang.String, java.lang.String, java.lang.String)[pri:0, instance:com.gmail.tests.LoginLogOutTest@6a4986c8]" name="setUpLocal" is-config="true" duration-ms="3949" started-at="2016-01-20T10:41:17Z" finished-at="2016-01-20T10:41:21Z">
          <params>
            <param index="0">
              <value>
                <![CDATA[-1]]>
              </value>
            </param>
            <param index="1">
              <value>
                <![CDATA[]]>
              </value>
            </param>
            <param index="2">
              <value>
                <![CDATA[firefox]]>
              </value>
            </param>
          </params>
        </test-method>
        <test-method status="PASS" signature="setUpLocal(java.lang.String, java.lang.String, java.lang.String)[pri:0, instance:com.gmail.tests.SendEmailTest@2e8923f5]" name="setUpLocal" is-config="true" duration-ms="3746" started-at="2016-01-20T10:41:21Z" finished-at="2016-01-20T10:41:25Z">
          <params>
            <param index="0">
              <value>
                <![CDATA[-1]]>
              </value>
            </param>
            <param index="1">
              <value>
                <![CDATA[]]>
              </value>
            </param>
            <param index="2">
              <value>
                <![CDATA[firefox]]>
              </value>
            </param>
          </params>
        </test-method>
        <test-method status="PASS" signature="setUpLocal(java.lang.String, java.lang.String, java.lang.String)[pri:0, instance:com.gmail.tests.VerifyUnreadEmailsTest@28294944]" name="setUpLocal" is-config="true" duration-ms="3862" started-at="2016-01-20T10:41:25Z" finished-at="2016-01-20T10:41:28Z">
          <params>
            <param index="0">
              <value>
                <![CDATA[-1]]>
              </value>
            </param>
            <param index="1">
              <value>
                <![CDATA[]]>
              </value>
            </param>
            <param index="2">
              <value>
                <![CDATA[firefox]]>
              </value>
            </param>
          </params>
        </test-method>
        <test-method status="PASS" signature="createAccount()[pri:0, instance:com.gmail.tests.CreateAccountTest@70ec46ff]" name="createAccount" duration-ms="26706" started-at="2016-01-20T10:42:26Z" finished-at="2016-01-20T10:42:53Z">
        </test-method>
      </class>
      <class name="com.gmail.tests.VerifyUnreadEmailsTest">
        <test-method status="PASS" signature="runVerifyUnreadEmailsTest()[pri:0, instance:com.gmail.tests.VerifyUnreadEmailsTest@28294944]" name="runVerifyUnreadEmailsTest" duration-ms="19726" started-at="2016-01-20T10:42:06Z" finished-at="2016-01-20T10:42:26Z">
        </test-method>
      </class>
    </test>
  </suite>
</testng-results>
